(0000) 3300  0011001100000000 (   3)                 .ORIG x3300
(3300) 3018  0011000000011000 (   5)                 ST    R0 SAVER0
(3301) 3218  0011001000011000 (   6)                 ST    R1 SAVER1
(3302) 3418  0011010000011000 (   7)                 ST    R2 SAVER2
(3303) 3618  0011011000011000 (   8)                 ST    R3 SAVER3
(3304) 3818  0011100000011000 (   9)                 ST    R4 SAVER4
(3305) 3A18  0011101000011000 (  10)                 ST    R5 SAVER5
(3306) 3C18  0011110000011000 (  11)                 ST    R6 SAVER6
(3307) 2218  0010001000011000 (  12)                 LD    R1 PCSTORE
(3308) 7E40  0111111001000000 (  13)                 STR   R7 R1 #0
(3309) A219  1010001000011001 (  14)                 LDI   R1 KBSR
(330A) 2417  0010010000010111 (  15)                 LD    R2 MASK
(330B) 987F  1001100001111111 (  16)                 NOT   R4 R1
(330C) 9ABF  1001101010111111 (  17)                 NOT   R5 R2
(330D) 5D05  0101110100000101 (  18)                 AND   R6 R4 R5
(330E) 97BF  1001011110111111 (  19)                 NOT   R3 R6
(330F) B613  1011011000010011 (  20)                 STI   R3 KBSR
(3310) 2C0E  0010110000001110 (  21)                 LD    R6 SAVER6
(3311) 2A0C  0010101000001100 (  22)                 LD    R5 SAVER5
(3312) 280A  0010100000001010 (  23)                 LD    R4 SAVER4
(3313) 2608  0010011000001000 (  24)                 LD    R3 SAVER3
(3314) 2406  0010010000000110 (  25)                 LD    R2 SAVER2
(3315) 2204  0010001000000100 (  26)                 LD    R1 SAVER1
(3316) 2002  0010000000000010 (  27)                 LD    R0 SAVER0
(3317) 2E09  0010111000001001 (  28)                 LD    R7 CHANGE
(3318) C1C0  1100000111000000 (  29)                 RET   
(3319) 0000  0000000000000000 (  31) SAVER0          .FILL x0000
(331A) 0000  0000000000000000 (  32) SAVER1          .FILL x0000
(331B) 0000  0000000000000000 (  33) SAVER2          .FILL x0000
(331C) 0000  0000000000000000 (  34) SAVER3          .FILL x0000
(331D) 0000  0000000000000000 (  35) SAVER4          .FILL x0000
(331E) 0000  0000000000000000 (  36) SAVER5          .FILL x0000
(331F) 0000  0000000000000000 (  37) SAVER6          .FILL x0000
(3320) 32FF  0011001011111111 (  38) PCSTORE         .FILL x32FF
(3321) 3400  0011010000000000 (  39) CHANGE          .FILL x3400
(3322) 4000  0100000000000000 (  40) MASK            .FILL x4000
(3323) FE00  1111111000000000 (  41) KBSR            .FILL xFE00
