(0000) 3000  0011000000000000 (   5)                 .ORIG x3000
(3000) 2016  0010000000010110 (   7)                 LD    R0 TRAPVALUE
(3001) B013  1011000000010011 (   8)                 STI   R0 TRAPSTORE
(3002) 2015  0010000000010101 (  10)                 LD    R0 INTERVALUE
(3003) B012  1011000000010010 (  11)                 STI   R0 INTERSTORE
(3004) 5020  0101000000100000 (  12)                 AND   R0 R0 #0
(3005) 2C13  0010110000010011 (  14)                 LD    R6 SUPERVISOR
(3006) E013  1110000000010011 (  16) MAIN            LEA   R0 INITMSG
(3007) F022  1111000000100010 (  17)                 TRAP  x22
(3008) F026  1111000000100110 (  18)                 TRAP  x26
(3009) F021  1111000000100001 (  19)                 TRAP  x21
(300A) F026  1111000000100110 (  20)                 TRAP  x26
(300B) F021  1111000000100001 (  21)                 TRAP  x21
(300C) F026  1111000000100110 (  22)                 TRAP  x26
(300D) F021  1111000000100001 (  23)                 TRAP  x21
(300E) F026  1111000000100110 (  24)                 TRAP  x26
(300F) F021  1111000000100001 (  25)                 TRAP  x21
(3010) F026  1111000000100110 (  26)                 TRAP  x26
(3011) F021  1111000000100001 (  27)                 TRAP  x21
(3012) E01F  1110000000011111 (  28)                 LEA   R0 ENDMSG
(3013) F022  1111000000100010 (  29)                 TRAP  x22
(3014) 0FF1  0000111111110001 (  30)                 BRNZP MAIN
(3015) 0026  0000000000100110 (  32) TRAPSTORE       .FILL x0026
(3016) 0180  0000000110000000 (  33) INTERSTORE      .FILL x0180
(3017) 3300  0011001100000000 (  34) TRAPVALUE       .FILL x3300
(3018) 3500  0011010100000000 (  35) INTERVALUE      .FILL x3500
(3019) 3000  0011000000000000 (  36) SUPERVISOR      .FILL x3000
(301A) 0045  0000000001000101 (  37) INITMSG         .FILL x0045
(301B) 006E  0000000001101110 (  37)                 .FILL x006E
(301C) 0074  0000000001110100 (  37)                 .FILL x0074
(301D) 0065  0000000001100101 (  37)                 .FILL x0065
(301E) 0072  0000000001110010 (  37)                 .FILL x0072
(301F) 0020  0000000000100000 (  37)                 .FILL x0020
(3020) 0066  0000000001100110 (  37)                 .FILL x0066
(3021) 0069  0000000001101001 (  37)                 .FILL x0069
(3022) 0076  0000000001110110 (  37)                 .FILL x0076
(3023) 0065  0000000001100101 (  37)                 .FILL x0065
(3024) 0020  0000000000100000 (  37)                 .FILL x0020
(3025) 0063  0000000001100011 (  37)                 .FILL x0063
(3026) 0068  0000000001101000 (  37)                 .FILL x0068
(3027) 0061  0000000001100001 (  37)                 .FILL x0061
(3028) 0072  0000000001110010 (  37)                 .FILL x0072
(3029) 0061  0000000001100001 (  37)                 .FILL x0061
(302A) 0063  0000000001100011 (  37)                 .FILL x0063
(302B) 0074  0000000001110100 (  37)                 .FILL x0074
(302C) 0065  0000000001100101 (  37)                 .FILL x0065
(302D) 0072  0000000001110010 (  37)                 .FILL x0072
(302E) 0073  0000000001110011 (  37)                 .FILL x0073
(302F) 003A  0000000000111010 (  37)                 .FILL x003A
(3030) 0020  0000000000100000 (  37)                 .FILL x0020
(3031) 0000  0000000000000000 (  37)                 .FILL x0000
(3032) 000A  0000000000001010 (  38) ENDMSG          .FILL x000A
(3033) 0053  0000000001010011 (  38)                 .FILL x0053
(3034) 0075  0000000001110101 (  38)                 .FILL x0075
(3035) 0063  0000000001100011 (  38)                 .FILL x0063
(3036) 0063  0000000001100011 (  38)                 .FILL x0063
(3037) 0065  0000000001100101 (  38)                 .FILL x0065
(3038) 0073  0000000001110011 (  38)                 .FILL x0073
(3039) 0073  0000000001110011 (  38)                 .FILL x0073
(303A) 0021  0000000000100001 (  38)                 .FILL x0021
(303B) 0020  0000000000100000 (  38)                 .FILL x0020
(303C) 0052  0000000001010010 (  38)                 .FILL x0052
(303D) 0075  0000000001110101 (  38)                 .FILL x0075
(303E) 006E  0000000001101110 (  38)                 .FILL x006E
(303F) 006E  0000000001101110 (  38)                 .FILL x006E
(3040) 0069  0000000001101001 (  38)                 .FILL x0069
(3041) 006E  0000000001101110 (  38)                 .FILL x006E
(3042) 0067  0000000001100111 (  38)                 .FILL x0067
(3043) 0020  0000000000100000 (  38)                 .FILL x0020
(3044) 0061  0000000001100001 (  38)                 .FILL x0061
(3045) 0067  0000000001100111 (  38)                 .FILL x0067
(3046) 0061  0000000001100001 (  38)                 .FILL x0061
(3047) 0069  0000000001101001 (  38)                 .FILL x0069
(3048) 006E  0000000001101110 (  38)                 .FILL x006E
(3049) 002E  0000000000101110 (  38)                 .FILL x002E
(304A) 002E  0000000000101110 (  38)                 .FILL x002E
(304B) 002E  0000000000101110 (  38)                 .FILL x002E
(304C) 000A  0000000000001010 (  38)                 .FILL x000A
(304D) 000A  0000000000001010 (  38)                 .FILL x000A
(304E) 0000  0000000000000000 (  38)                 .FILL x0000
