(0000) 3500  0011010100000000 (   1)                 .ORIG x3500
(3500) 3512  0011010100010010 (   4) Q1STR           .FILL x3512
(3501) 0002  0000000000000010 (   5) Q1PTS           .FILL x0002
(3502) 0000  0000000000000000 (   6)                 .FILL x0000
(3503) 0005  0000000000000101 (   7)                 .FILL x0005
(3504) 000A  0000000000001010 (   8)                 .FILL x000A
(3505) 3574  0011010101110100 (  11) Q2STR           .FILL x3574
(3506) 0001  0000000000000001 (  12) Q2PTS           .FILL x0001
(3507) 0002  0000000000000010 (  13)                 .FILL x0002
(3508) 0000  0000000000000000 (  14)                 .FILL x0000
(3509) 000A  0000000000001010 (  15)                 .FILL x000A
(350A) 35F8  0011010111111000 (  18) Q3STR           .FILL x35F8
(350B) 0005  0000000000000101 (  19) Q3PTS           .FILL x0005
(350C) 0000  0000000000000000 (  20)                 .FILL x0000
(350D) 000A  0000000000001010 (  21)                 .FILL x000A
(350E) 0007  0000000000000111 (  22)                 .FILL x0007
(350F) 362A  0011011000101010 (  25) RESULTS         .FILL x362A
(3510) 362E  0011011000101110 (  26)                 .FILL x362E
(3511) 3633  0011011000110011 (  27)                 .FILL x3633
(3512) 000A  0000000000001010 (  30) Q1              .FILL x000A
(3513) 0057  0000000001010111 (  30)                 .FILL x0057
(3514) 0068  0000000001101000 (  30)                 .FILL x0068
(3515) 006F  0000000001101111 (  30)                 .FILL x006F
(3516) 0027  0000000000100111 (  30)                 .FILL x0027
(3517) 0073  0000000001110011 (  30)                 .FILL x0073
(3518) 0020  0000000000100000 (  30)                 .FILL x0020
(3519) 0074  0000000001110100 (  30)                 .FILL x0074
(351A) 0068  0000000001101000 (  30)                 .FILL x0068
(351B) 0065  0000000001100101 (  30)                 .FILL x0065
(351C) 0020  0000000000100000 (  30)                 .FILL x0020
(351D) 0062  0000000001100010 (  30)                 .FILL x0062
(351E) 0065  0000000001100101 (  30)                 .FILL x0065
(351F) 0073  0000000001110011 (  30)                 .FILL x0073
(3520) 0074  0000000001110100 (  30)                 .FILL x0074
(3521) 0020  0000000000100000 (  30)                 .FILL x0020
(3522) 0070  0000000001110000 (  30)                 .FILL x0070
(3523) 0072  0000000001110010 (  30)                 .FILL x0072
(3524) 006F  0000000001101111 (  30)                 .FILL x006F
(3525) 0066  0000000001100110 (  30)                 .FILL x0066
(3526) 0065  0000000001100101 (  30)                 .FILL x0065
(3527) 0073  0000000001110011 (  30)                 .FILL x0073
(3528) 0073  0000000001110011 (  30)                 .FILL x0073
(3529) 006F  0000000001101111 (  30)                 .FILL x006F
(352A) 0072  0000000001110010 (  30)                 .FILL x0072
(352B) 003F  0000000000111111 (  30)                 .FILL x003F
(352C) 000A  0000000000001010 (  30)                 .FILL x000A
(352D) 0020  0000000000100000 (  30)                 .FILL x0020
(352E) 0020  0000000000100000 (  30)                 .FILL x0020
(352F) 0020  0000000000100000 (  30)                 .FILL x0020
(3530) 0020  0000000000100000 (  30)                 .FILL x0020
(3531) 0031  0000000000110001 (  30)                 .FILL x0031
(3532) 0029  0000000000101001 (  30)                 .FILL x0029
(3533) 0020  0000000000100000 (  30)                 .FILL x0020
(3534) 0043  0000000001000011 (  30)                 .FILL x0043
(3535) 0068  0000000001101000 (  30)                 .FILL x0068
(3536) 0072  0000000001110010 (  30)                 .FILL x0072
(3537) 0069  0000000001101001 (  30)                 .FILL x0069
(3538) 0073  0000000001110011 (  30)                 .FILL x0073
(3539) 000A  0000000000001010 (  30)                 .FILL x000A
(353A) 0020  0000000000100000 (  30)                 .FILL x0020
(353B) 0020  0000000000100000 (  30)                 .FILL x0020
(353C) 0020  0000000000100000 (  30)                 .FILL x0020
(353D) 0020  0000000000100000 (  30)                 .FILL x0020
(353E) 0032  0000000000110010 (  30)                 .FILL x0032
(353F) 0029  0000000000101001 (  30)                 .FILL x0029
(3540) 0020  0000000000100000 (  30)                 .FILL x0020
(3541) 0041  0000000001000001 (  30)                 .FILL x0041
(3542) 006C  0000000001101100 (  30)                 .FILL x006C
(3543) 006D  0000000001101101 (  30)                 .FILL x006D
(3544) 006F  0000000001101111 (  30)                 .FILL x006F
(3545) 0073  0000000001110011 (  30)                 .FILL x0073
(3546) 0074  0000000001110100 (  30)                 .FILL x0074
(3547) 0020  0000000000100000 (  30)                 .FILL x0020
(3548) 0043  0000000001000011 (  30)                 .FILL x0043
(3549) 0068  0000000001101000 (  30)                 .FILL x0068
(354A) 0072  0000000001110010 (  30)                 .FILL x0072
(354B) 0069  0000000001101001 (  30)                 .FILL x0069
(354C) 0073  0000000001110011 (  30)                 .FILL x0073
(354D) 000A  0000000000001010 (  30)                 .FILL x000A
(354E) 0020  0000000000100000 (  30)                 .FILL x0020
(354F) 0020  0000000000100000 (  30)                 .FILL x0020
(3550) 0020  0000000000100000 (  30)                 .FILL x0020
(3551) 0020  0000000000100000 (  30)                 .FILL x0020
(3552) 0033  0000000000110011 (  30)                 .FILL x0033
(3553) 0029  0000000000101001 (  30)                 .FILL x0029
(3554) 0020  0000000000100000 (  30)                 .FILL x0020
(3555) 0053  0000000001010011 (  30)                 .FILL x0053
(3556) 0075  0000000001110101 (  30)                 .FILL x0075
(3557) 0070  0000000001110000 (  30)                 .FILL x0070
(3558) 0065  0000000001100101 (  30)                 .FILL x0065
(3559) 0072  0000000001110010 (  30)                 .FILL x0072
(355A) 0020  0000000000100000 (  30)                 .FILL x0020
(355B) 0043  0000000001000011 (  30)                 .FILL x0043
(355C) 0068  0000000001101000 (  30)                 .FILL x0068
(355D) 0072  0000000001110010 (  30)                 .FILL x0072
(355E) 0069  0000000001101001 (  30)                 .FILL x0069
(355F) 0073  0000000001110011 (  30)                 .FILL x0073
(3560) 000A  0000000000001010 (  30)                 .FILL x000A
(3561) 0020  0000000000100000 (  30)                 .FILL x0020
(3562) 0020  0000000000100000 (  30)                 .FILL x0020
(3563) 0020  0000000000100000 (  30)                 .FILL x0020
(3564) 0020  0000000000100000 (  30)                 .FILL x0020
(3565) 0034  0000000000110100 (  30)                 .FILL x0034
(3566) 0029  0000000000101001 (  30)                 .FILL x0029
(3567) 0020  0000000000100000 (  30)                 .FILL x0020
(3568) 004F  0000000001001111 (  30)                 .FILL x004F
(3569) 006E  0000000001101110 (  30)                 .FILL x006E
(356A) 006C  0000000001101100 (  30)                 .FILL x006C
(356B) 0079  0000000001111001 (  30)                 .FILL x0079
(356C) 0020  0000000000100000 (  30)                 .FILL x0020
(356D) 0043  0000000001000011 (  30)                 .FILL x0043
(356E) 0068  0000000001101000 (  30)                 .FILL x0068
(356F) 0072  0000000001110010 (  30)                 .FILL x0072
(3570) 0069  0000000001101001 (  30)                 .FILL x0069
(3571) 0073  0000000001110011 (  30)                 .FILL x0073
(3572) 000A  0000000000001010 (  30)                 .FILL x000A
(3573) 0000  0000000000000000 (  30)                 .FILL x0000
(3574) 000A  0000000000001010 (  31) Q2              .FILL x000A
(3575) 0057  0000000001010111 (  31)                 .FILL x0057
(3576) 0068  0000000001101000 (  31)                 .FILL x0068
(3577) 0061  0000000001100001 (  31)                 .FILL x0061
(3578) 0074  0000000001110100 (  31)                 .FILL x0074
(3579) 0027  0000000000100111 (  31)                 .FILL x0027
(357A) 0073  0000000001110011 (  31)                 .FILL x0073
(357B) 0020  0000000000100000 (  31)                 .FILL x0020
(357C) 0074  0000000001110100 (  31)                 .FILL x0074
(357D) 0068  0000000001101000 (  31)                 .FILL x0068
(357E) 0065  0000000001100101 (  31)                 .FILL x0065
(357F) 0020  0000000000100000 (  31)                 .FILL x0020
(3580) 0062  0000000001100010 (  31)                 .FILL x0062
(3581) 0065  0000000001100101 (  31)                 .FILL x0065
(3582) 0073  0000000001110011 (  31)                 .FILL x0073
(3583) 0074  0000000001110100 (  31)                 .FILL x0074
(3584) 0020  0000000000100000 (  31)                 .FILL x0020
(3585) 006D  0000000001101101 (  31)                 .FILL x006D
(3586) 0061  0000000001100001 (  31)                 .FILL x0061
(3587) 006A  0000000001101010 (  31)                 .FILL x006A
(3588) 006F  0000000001101111 (  31)                 .FILL x006F
(3589) 0072  0000000001110010 (  31)                 .FILL x0072
(358A) 003F  0000000000111111 (  31)                 .FILL x003F
(358B) 000A  0000000000001010 (  31)                 .FILL x000A
(358C) 0020  0000000000100000 (  31)                 .FILL x0020
(358D) 0020  0000000000100000 (  31)                 .FILL x0020
(358E) 0020  0000000000100000 (  31)                 .FILL x0020
(358F) 0020  0000000000100000 (  31)                 .FILL x0020
(3590) 0031  0000000000110001 (  31)                 .FILL x0031
(3591) 0029  0000000000101001 (  31)                 .FILL x0029
(3592) 0020  0000000000100000 (  31)                 .FILL x0020
(3593) 0043  0000000001000011 (  31)                 .FILL x0043
(3594) 006F  0000000001101111 (  31)                 .FILL x006F
(3595) 006D  0000000001101101 (  31)                 .FILL x006D
(3596) 0070  0000000001110000 (  31)                 .FILL x0070
(3597) 0075  0000000001110101 (  31)                 .FILL x0075
(3598) 0074  0000000001110100 (  31)                 .FILL x0074
(3599) 0065  0000000001100101 (  31)                 .FILL x0065
(359A) 0072  0000000001110010 (  31)                 .FILL x0072
(359B) 0020  0000000000100000 (  31)                 .FILL x0020
(359C) 0053  0000000001010011 (  31)                 .FILL x0053
(359D) 0063  0000000001100011 (  31)                 .FILL x0063
(359E) 0069  0000000001101001 (  31)                 .FILL x0069
(359F) 0065  0000000001100101 (  31)                 .FILL x0065
(35A0) 006E  0000000001101110 (  31)                 .FILL x006E
(35A1) 0063  0000000001100011 (  31)                 .FILL x0063
(35A2) 0065  0000000001100101 (  31)                 .FILL x0065
(35A3) 000A  0000000000001010 (  31)                 .FILL x000A
(35A4) 0020  0000000000100000 (  31)                 .FILL x0020
(35A5) 0020  0000000000100000 (  31)                 .FILL x0020
(35A6) 0020  0000000000100000 (  31)                 .FILL x0020
(35A7) 0020  0000000000100000 (  31)                 .FILL x0020
(35A8) 0032  0000000000110010 (  31)                 .FILL x0032
(35A9) 0029  0000000000101001 (  31)                 .FILL x0029
(35AA) 0020  0000000000100000 (  31)                 .FILL x0020
(35AB) 0043  0000000001000011 (  31)                 .FILL x0043
(35AC) 006F  0000000001101111 (  31)                 .FILL x006F
(35AD) 006D  0000000001101101 (  31)                 .FILL x006D
(35AE) 0070  0000000001110000 (  31)                 .FILL x0070
(35AF) 0075  0000000001110101 (  31)                 .FILL x0075
(35B0) 0074  0000000001110100 (  31)                 .FILL x0074
(35B1) 0065  0000000001100101 (  31)                 .FILL x0065
(35B2) 0072  0000000001110010 (  31)                 .FILL x0072
(35B3) 0020  0000000000100000 (  31)                 .FILL x0020
(35B4) 0053  0000000001010011 (  31)                 .FILL x0053
(35B5) 0063  0000000001100011 (  31)                 .FILL x0063
(35B6) 0069  0000000001101001 (  31)                 .FILL x0069
(35B7) 0065  0000000001100101 (  31)                 .FILL x0065
(35B8) 006E  0000000001101110 (  31)                 .FILL x006E
(35B9) 0063  0000000001100011 (  31)                 .FILL x0063
(35BA) 0065  0000000001100101 (  31)                 .FILL x0065
(35BB) 0073  0000000001110011 (  31)                 .FILL x0073
(35BC) 000A  0000000000001010 (  31)                 .FILL x000A
(35BD) 0020  0000000000100000 (  31)                 .FILL x0020
(35BE) 0020  0000000000100000 (  31)                 .FILL x0020
(35BF) 0020  0000000000100000 (  31)                 .FILL x0020
(35C0) 0020  0000000000100000 (  31)                 .FILL x0020
(35C1) 0033  0000000000110011 (  31)                 .FILL x0033
(35C2) 0029  0000000000101001 (  31)                 .FILL x0029
(35C3) 0020  0000000000100000 (  31)                 .FILL x0020
(35C4) 0043  0000000001000011 (  31)                 .FILL x0043
(35C5) 006F  0000000001101111 (  31)                 .FILL x006F
(35C6) 006D  0000000001101101 (  31)                 .FILL x006D
(35C7) 0070  0000000001110000 (  31)                 .FILL x0070
(35C8) 0075  0000000001110101 (  31)                 .FILL x0075
(35C9) 0074  0000000001110100 (  31)                 .FILL x0074
(35CA) 0065  0000000001100101 (  31)                 .FILL x0065
(35CB) 0072  0000000001110010 (  31)                 .FILL x0072
(35CC) 0020  0000000000100000 (  31)                 .FILL x0020
(35CD) 0049  0000000001001001 (  31)                 .FILL x0049
(35CE) 006E  0000000001101110 (  31)                 .FILL x006E
(35CF) 0066  0000000001100110 (  31)                 .FILL x0066
(35D0) 006F  0000000001101111 (  31)                 .FILL x006F
(35D1) 0072  0000000001110010 (  31)                 .FILL x0072
(35D2) 006D  0000000001101101 (  31)                 .FILL x006D
(35D3) 0061  0000000001100001 (  31)                 .FILL x0061
(35D4) 0074  0000000001110100 (  31)                 .FILL x0074
(35D5) 0069  0000000001101001 (  31)                 .FILL x0069
(35D6) 006F  0000000001101111 (  31)                 .FILL x006F
(35D7) 006E  0000000001101110 (  31)                 .FILL x006E
(35D8) 0020  0000000000100000 (  31)                 .FILL x0020
(35D9) 0061  0000000001100001 (  31)                 .FILL x0061
(35DA) 006E  0000000001101110 (  31)                 .FILL x006E
(35DB) 0064  0000000001100100 (  31)                 .FILL x0064
(35DC) 0020  0000000000100000 (  31)                 .FILL x0020
(35DD) 0053  0000000001010011 (  31)                 .FILL x0053
(35DE) 0063  0000000001100011 (  31)                 .FILL x0063
(35DF) 0069  0000000001101001 (  31)                 .FILL x0069
(35E0) 0065  0000000001100101 (  31)                 .FILL x0065
(35E1) 006E  0000000001101110 (  31)                 .FILL x006E
(35E2) 0063  0000000001100011 (  31)                 .FILL x0063
(35E3) 0065  0000000001100101 (  31)                 .FILL x0065
(35E4) 0073  0000000001110011 (  31)                 .FILL x0073
(35E5) 000A  0000000000001010 (  31)                 .FILL x000A
(35E6) 0020  0000000000100000 (  31)                 .FILL x0020
(35E7) 0020  0000000000100000 (  31)                 .FILL x0020
(35E8) 0020  0000000000100000 (  31)                 .FILL x0020
(35E9) 0020  0000000000100000 (  31)                 .FILL x0020
(35EA) 0034  0000000000110100 (  31)                 .FILL x0034
(35EB) 0029  0000000000101001 (  31)                 .FILL x0029
(35EC) 0020  0000000000100000 (  31)                 .FILL x0020
(35ED) 0043  0000000001000011 (  31)                 .FILL x0043
(35EE) 006F  0000000001101111 (  31)                 .FILL x006F
(35EF) 006D  0000000001101101 (  31)                 .FILL x006D
(35F0) 0070  0000000001110000 (  31)                 .FILL x0070
(35F1) 0075  0000000001110101 (  31)                 .FILL x0075
(35F2) 0074  0000000001110100 (  31)                 .FILL x0074
(35F3) 0065  0000000001100101 (  31)                 .FILL x0065
(35F4) 0072  0000000001110010 (  31)                 .FILL x0072
(35F5) 0073  0000000001110011 (  31)                 .FILL x0073
(35F6) 000A  0000000000001010 (  31)                 .FILL x000A
(35F7) 0000  0000000000000000 (  31)                 .FILL x0000
(35F8) 000A  0000000000001010 (  32) Q3              .FILL x000A
(35F9) 0057  0000000001010111 (  32)                 .FILL x0057
(35FA) 0068  0000000001101000 (  32)                 .FILL x0068
(35FB) 0061  0000000001100001 (  32)                 .FILL x0061
(35FC) 0074  0000000001110100 (  32)                 .FILL x0074
(35FD) 0027  0000000000100111 (  32)                 .FILL x0027
(35FE) 0073  0000000001110011 (  32)                 .FILL x0073
(35FF) 0020  0000000000100000 (  32)                 .FILL x0020
(3600) 0031  0000000000110001 (  32)                 .FILL x0031
(3601) 002B  0000000000101011 (  32)                 .FILL x002B
(3602) 0031  0000000000110001 (  32)                 .FILL x0031
(3603) 003F  0000000000111111 (  32)                 .FILL x003F
(3604) 000A  0000000000001010 (  32)                 .FILL x000A
(3605) 0020  0000000000100000 (  32)                 .FILL x0020
(3606) 0020  0000000000100000 (  32)                 .FILL x0020
(3607) 0020  0000000000100000 (  32)                 .FILL x0020
(3608) 0020  0000000000100000 (  32)                 .FILL x0020
(3609) 0031  0000000000110001 (  32)                 .FILL x0031
(360A) 0029  0000000000101001 (  32)                 .FILL x0029
(360B) 0020  0000000000100000 (  32)                 .FILL x0020
(360C) 0030  0000000000110000 (  32)                 .FILL x0030
(360D) 000A  0000000000001010 (  32)                 .FILL x000A
(360E) 0020  0000000000100000 (  32)                 .FILL x0020
(360F) 0020  0000000000100000 (  32)                 .FILL x0020
(3610) 0020  0000000000100000 (  32)                 .FILL x0020
(3611) 0020  0000000000100000 (  32)                 .FILL x0020
(3612) 0032  0000000000110010 (  32)                 .FILL x0032
(3613) 0029  0000000000101001 (  32)                 .FILL x0029
(3614) 0020  0000000000100000 (  32)                 .FILL x0020
(3615) 0038  0000000000111000 (  32)                 .FILL x0038
(3616) 000A  0000000000001010 (  32)                 .FILL x000A
(3617) 0020  0000000000100000 (  32)                 .FILL x0020
(3618) 0020  0000000000100000 (  32)                 .FILL x0020
(3619) 0020  0000000000100000 (  32)                 .FILL x0020
(361A) 0020  0000000000100000 (  32)                 .FILL x0020
(361B) 0033  0000000000110011 (  32)                 .FILL x0033
(361C) 0029  0000000000101001 (  32)                 .FILL x0029
(361D) 0020  0000000000100000 (  32)                 .FILL x0020
(361E) 0036  0000000000110110 (  32)                 .FILL x0036
(361F) 000A  0000000000001010 (  32)                 .FILL x000A
(3620) 0020  0000000000100000 (  32)                 .FILL x0020
(3621) 0020  0000000000100000 (  32)                 .FILL x0020
(3622) 0020  0000000000100000 (  32)                 .FILL x0020
(3623) 0020  0000000000100000 (  32)                 .FILL x0020
(3624) 0034  0000000000110100 (  32)                 .FILL x0034
(3625) 0029  0000000000101001 (  32)                 .FILL x0029
(3626) 0020  0000000000100000 (  32)                 .FILL x0020
(3627) 0037  0000000000110111 (  32)                 .FILL x0037
(3628) 000A  0000000000001010 (  32)                 .FILL x000A
(3629) 0000  0000000000000000 (  32)                 .FILL x0000
(362A) 0045  0000000001000101 (  34) GOODMSG         .FILL x0045
(362B) 005A  0000000001011010 (  34)                 .FILL x005A
(362C) 002E  0000000000101110 (  34)                 .FILL x002E
(362D) 0000  0000000000000000 (  34)                 .FILL x0000
(362E) 004E  0000000001001110 (  35) PASSMSG         .FILL x004E
(362F) 0042  0000000001000010 (  35)                 .FILL x0042
(3630) 0044  0000000001000100 (  35)                 .FILL x0044
(3631) 002E  0000000000101110 (  35)                 .FILL x002E
(3632) 0000  0000000000000000 (  35)                 .FILL x0000
(3633) 0042  0000000001000010 (  36) FAILMSG         .FILL x0042
(3634) 0041  0000000001000001 (  36)                 .FILL x0041
(3635) 0044  0000000001000100 (  36)                 .FILL x0044
(3636) 002E  0000000000101110 (  36)                 .FILL x002E
(3637) 0000  0000000000000000 (  36)                 .FILL x0000
