(0000) 3000  0011000000000000 (   5)                 .ORIG x3000
(3000) E00C  1110000000001100 (   6) MAIN            LEA   R0 PROMPT
(3001) F022  1111000000100010 (   7)                 TRAP  x22
(3002) F026  1111000000100110 (   9)                 TRAP  x26
(3003) 2208  0010001000001000 (  13)                 LD    R1 OFFSET
(3004) 1240  0001001001000000 (  14)                 ADD   R1 R1 R0
(3005) E01F  1110000000011111 (  16)                 LEA   R0 OUTMSG
(3006) F022  1111000000100010 (  17)                 TRAP  x22
(3007) 1060  0001000001100000 (  18)                 ADD   R0 R1 #0
(3008) F021  1111000000100001 (  19)                 TRAP  x21
(3009) 0FF6  0000111111110110 (  21)                 BRNZP MAIN
(300A) F025  1111000000100101 (  22)                 TRAP  x25
(300B) 3300  0011001100000000 (  24) GETI            .FILL x3300
(300C) 0030  0000000000110000 (  25) OFFSET          .FILL x0030
(300D) 000A  0000000000001010 (  26) PROMPT          .FILL x000A
(300E) 0045  0000000001000101 (  26)                 .FILL x0045
(300F) 006E  0000000001101110 (  26)                 .FILL x006E
(3010) 0074  0000000001110100 (  26)                 .FILL x0074
(3011) 0065  0000000001100101 (  26)                 .FILL x0065
(3012) 0072  0000000001110010 (  26)                 .FILL x0072
(3013) 0020  0000000000100000 (  26)                 .FILL x0020
(3014) 0061  0000000001100001 (  26)                 .FILL x0061
(3015) 0020  0000000000100000 (  26)                 .FILL x0020
(3016) 006E  0000000001101110 (  26)                 .FILL x006E
(3017) 0075  0000000001110101 (  26)                 .FILL x0075
(3018) 006D  0000000001101101 (  26)                 .FILL x006D
(3019) 0062  0000000001100010 (  26)                 .FILL x0062
(301A) 0065  0000000001100101 (  26)                 .FILL x0065
(301B) 0072  0000000001110010 (  26)                 .FILL x0072
(301C) 0020  0000000000100000 (  26)                 .FILL x0020
(301D) 0028  0000000000101000 (  26)                 .FILL x0028
(301E) 0030  0000000000110000 (  26)                 .FILL x0030
(301F) 002D  0000000000101101 (  26)                 .FILL x002D
(3020) 0039  0000000000111001 (  26)                 .FILL x0039
(3021) 0029  0000000000101001 (  26)                 .FILL x0029
(3022) 003A  0000000000111010 (  26)                 .FILL x003A
(3023) 0020  0000000000100000 (  26)                 .FILL x0020
(3024) 0000  0000000000000000 (  26)                 .FILL x0000
(3025) 000A  0000000000001010 (  27) OUTMSG          .FILL x000A
(3026) 0052  0000000001010010 (  27)                 .FILL x0052
(3027) 0065  0000000001100101 (  27)                 .FILL x0065
(3028) 0073  0000000001110011 (  27)                 .FILL x0073
(3029) 0075  0000000001110101 (  27)                 .FILL x0075
(302A) 006C  0000000001101100 (  27)                 .FILL x006C
(302B) 0074  0000000001110100 (  27)                 .FILL x0074
(302C) 003A  0000000000111010 (  27)                 .FILL x003A
(302D) 0020  0000000000100000 (  27)                 .FILL x0020
(302E) 0000  0000000000000000 (  27)                 .FILL x0000
