(0000) 3000  0011000000000000 (   5)                 .ORIG x3000
(3000) 5020  0101000000100000 (   7)                 AND   R0 R0 #0
(3001) 5260  0101001001100000 (   8)                 AND   R1 R1 #0
(3002) 54A0  0101010010100000 (   9)                 AND   R2 R2 #0
(3003) 56E0  0101011011100000 (  10)                 AND   R3 R3 #0
(3004) 5920  0101100100100000 (  11)                 AND   R4 R4 #0
(3005) 5B60  0101101101100000 (  12)                 AND   R5 R5 #0
(3006) 5DA0  0101110110100000 (  13)                 AND   R6 R6 #0
(3007) 5FE0  0101111111100000 (  14)                 AND   R7 R7 #0
(3008) A047  1010000001000111 (  15)                 LDI   R0 Q1STR
(3009) F022  1111000000100010 (  16)                 TRAP  x22
(300A) E032  1110000000110010 (  17)                 LEA   R0 PROMPT1
(300B) F022  1111000000100010 (  18)                 TRAP  x22
(300C) F026  1111000000100110 (  19)                 TRAP  x26
(300D) 2443  0010010001000011 (  20)                 LD    R2 Q1PTS
(300E) 14BF  0001010010111111 (  21)                 ADD   R2 R2 #-1
(300F) 1680  0001011010000000 (  22)                 ADD   R3 R2 R0
(3010) 60C0  0110000011000000 (  23)                 LDR   R0 R3 #0
(3011) 1900  0001100100000000 (  24)                 ADD   R4 R4 R0
(3012) A03F  1010000000111111 (  26)                 LDI   R0 Q2STR
(3013) F022  1111000000100010 (  27)                 TRAP  x22
(3014) E028  1110000000101000 (  28)                 LEA   R0 PROMPT1
(3015) F022  1111000000100010 (  29)                 TRAP  x22
(3016) F026  1111000000100110 (  30)                 TRAP  x26
(3017) 243B  0010010000111011 (  31)                 LD    R2 Q2PTS
(3018) 14BF  0001010010111111 (  32)                 ADD   R2 R2 #-1
(3019) 1680  0001011010000000 (  33)                 ADD   R3 R2 R0
(301A) 60C0  0110000011000000 (  34)                 LDR   R0 R3 #0
(301B) 1900  0001100100000000 (  35)                 ADD   R4 R4 R0
(301C) A037  1010000000110111 (  37)                 LDI   R0 Q3STR
(301D) F022  1111000000100010 (  38)                 TRAP  x22
(301E) E01E  1110000000011110 (  39)                 LEA   R0 PROMPT1
(301F) F022  1111000000100010 (  40)                 TRAP  x22
(3020) F026  1111000000100110 (  41)                 TRAP  x26
(3021) 2433  0010010000110011 (  42)                 LD    R2 Q3PTS
(3022) 14BF  0001010010111111 (  43)                 ADD   R2 R2 #-1
(3023) 1680  0001011010000000 (  44)                 ADD   R3 R2 R0
(3024) 60C0  0110000011000000 (  45)                 LDR   R0 R3 #0
(3025) 1900  0001100100000000 (  46)                 ADD   R4 R4 R0
(3026) 2015  0010000000010101 (  47)                 LD    R0 ENDLINE
(3027) F021  1111000000100001 (  48)                 TRAP  x21
(3028) E01D  1110000000011101 (  49)                 LEA   R0 PROMPT2
(3029) F022  1111000000100010 (  50)                 TRAP  x22
(302A) 5B60  0101101101100000 (  52)                 AND   R5 R5 #0
(302B) 5DA0  0101110110100000 (  53)                 AND   R6 R6 #0
(302C) 2C2D  0010110000101101 (  54)                 LD    R6 VALUE2
(302D) 2A2B  0010101000101011 (  55)                 LD    R5 VALUE3
(302E) 1B05  0001101100000101 (  56)                 ADD   R5 R4 R5
(302F) 0C09  0000110000001001 (  57)                 BRNZ  PRINT3
(3030) 1D06  0001110100000110 (  58)                 ADD   R6 R4 R6
(3031) 0C04  0000110000000100 (  59)                 BRNZ  PRINT2
(3032) 0E00  0000111000000000 (  60)                 BRNZP PRINT1
(3033) A022  1010000000100010 (  62) PRINT1          LDI   R0 RESULT1
(3034) F022  1111000000100010 (  63)                 TRAP  x22
(3035) F025  1111000000100101 (  64)                 TRAP  x25
(3036) A020  1010000000100000 (  66) PRINT2          LDI   R0 RESULT2
(3037) F022  1111000000100010 (  67)                 TRAP  x22
(3038) F025  1111000000100101 (  68)                 TRAP  x25
(3039) A01E  1010000000011110 (  70) PRINT3          LDI   R0 RESULT3
(303A) F022  1111000000100010 (  71)                 TRAP  x22
(303B) F025  1111000000100101 (  72)                 TRAP  x25
(303C) 000A  0000000000001010 (  74) ENDLINE         .FILL x000A
(303D) 0041  0000000001000001 (  75) PROMPT1         .FILL x0041
(303E) 006E  0000000001101110 (  75)                 .FILL x006E
(303F) 0073  0000000001110011 (  75)                 .FILL x0073
(3040) 0077  0000000001110111 (  75)                 .FILL x0077
(3041) 0065  0000000001100101 (  75)                 .FILL x0065
(3042) 0072  0000000001110010 (  75)                 .FILL x0072
(3043) 003A  0000000000111010 (  75)                 .FILL x003A
(3044) 0020  0000000000100000 (  75)                 .FILL x0020
(3045) 0000  0000000000000000 (  75)                 .FILL x0000
(3046) 0052  0000000001010010 (  76) PROMPT2         .FILL x0052
(3047) 0065  0000000001100101 (  76)                 .FILL x0065
(3048) 0073  0000000001110011 (  76)                 .FILL x0073
(3049) 0075  0000000001110101 (  76)                 .FILL x0075
(304A) 006C  0000000001101100 (  76)                 .FILL x006C
(304B) 0074  0000000001110100 (  76)                 .FILL x0074
(304C) 003A  0000000000111010 (  76)                 .FILL x003A
(304D) 0020  0000000000100000 (  76)                 .FILL x0020
(304E) 0000  0000000000000000 (  76)                 .FILL x0000
(304F) 3300  0011001100000000 (  77) STORE26         .FILL x3300
(3050) 3500  0011010100000000 (  78) Q1STR           .FILL x3500
(3051) 3501  0011010100000001 (  79) Q1PTS           .FILL x3501
(3052) 3505  0011010100000101 (  80) Q2STR           .FILL x3505
(3053) 3506  0011010100000110 (  81) Q2PTS           .FILL x3506
(3054) 350A  0011010100001010 (  82) Q3STR           .FILL x350A
(3055) 350B  0011010100001011 (  83) Q3PTS           .FILL x350B
(3056) 350F  0011010100001111 (  84) RESULT1         .FILL x350F
(3057) 3510  0011010100010000 (  85) RESULT2         .FILL x3510
(3058) 3511  0011010100010001 (  86) RESULT3         .FILL x3511
(3059) FFEC  1111111111101100 (  87) VALUE3          .FILL xFFEC
(305A) FFE6  1111111111100110 (  88) VALUE2          .FILL xFFE6
