(0000) 3500  0011010100000000 (   1)                 .ORIG x3500
(3500) 3512  0011010100010010 (   4) Q1STR           .FILL x3512
(3501) 000A  0000000000001010 (   5) Q1PTS           .FILL x000A
(3502) 0005  0000000000000101 (   6)                 .FILL x0005
(3503) 0000  0000000000000000 (   7)                 .FILL x0000
(3504) 0002  0000000000000010 (   8)                 .FILL x0002
(3505) 35BC  0011010110111100 (  11) Q2STR           .FILL x35BC
(3506) 0002  0000000000000010 (  12) Q2PTS           .FILL x0002
(3507) 000A  0000000000001010 (  13)                 .FILL x000A
(3508) 0001  0000000000000001 (  14)                 .FILL x0001
(3509) 0000  0000000000000000 (  15)                 .FILL x0000
(350A) 3633  0011011000110011 (  18) Q3STR           .FILL x3633
(350B) 0000  0000000000000000 (  19) Q3PTS           .FILL x0000
(350C) 0005  0000000000000101 (  20)                 .FILL x0005
(350D) 0007  0000000000000111 (  21)                 .FILL x0007
(350E) 000A  0000000000001010 (  22)                 .FILL x000A
(350F) 3694  0011011010010100 (  25) RESULTS         .FILL x3694
(3510) 36C1  0011011011000001 (  26)                 .FILL x36C1
(3511) 36EE  0011011011101110 (  27)                 .FILL x36EE
(3512) 000A  0000000000001010 (  30) Q1              .FILL x000A
(3513) 0049  0000000001001001 (  30)                 .FILL x0049
(3514) 006E  0000000001101110 (  30)                 .FILL x006E
(3515) 0020  0000000000100000 (  30)                 .FILL x0020
(3516) 0074  0000000001110100 (  30)                 .FILL x0074
(3517) 0068  0000000001101000 (  30)                 .FILL x0068
(3518) 0065  0000000001100101 (  30)                 .FILL x0065
(3519) 0020  0000000000100000 (  30)                 .FILL x0020
(351A) 0056  0000000001010110 (  30)                 .FILL x0056
(351B) 006F  0000000001101111 (  30)                 .FILL x006F
(351C) 006E  0000000001101110 (  30)                 .FILL x006E
(351D) 0020  0000000000100000 (  30)                 .FILL x0020
(351E) 004E  0000000001001110 (  30)                 .FILL x004E
(351F) 0065  0000000001100101 (  30)                 .FILL x0065
(3520) 0075  0000000001110101 (  30)                 .FILL x0075
(3521) 006D  0000000001101101 (  30)                 .FILL x006D
(3522) 0061  0000000001100001 (  30)                 .FILL x0061
(3523) 006E  0000000001101110 (  30)                 .FILL x006E
(3524) 006E  0000000001101110 (  30)                 .FILL x006E
(3525) 0020  0000000000100000 (  30)                 .FILL x0020
(3526) 004D  0000000001001101 (  30)                 .FILL x004D
(3527) 006F  0000000001101111 (  30)                 .FILL x006F
(3528) 0064  0000000001100100 (  30)                 .FILL x0064
(3529) 0065  0000000001100101 (  30)                 .FILL x0065
(352A) 006C  0000000001101100 (  30)                 .FILL x006C
(352B) 002C  0000000000101100 (  30)                 .FILL x002C
(352C) 0020  0000000000100000 (  30)                 .FILL x0020
(352D) 0077  0000000001110111 (  30)                 .FILL x0077
(352E) 0068  0000000001101000 (  30)                 .FILL x0068
(352F) 0061  0000000001100001 (  30)                 .FILL x0061
(3530) 0074  0000000001110100 (  30)                 .FILL x0074
(3531) 0020  0000000000100000 (  30)                 .FILL x0020
(3532) 0069  0000000001101001 (  30)                 .FILL x0069
(3533) 0073  0000000001110011 (  30)                 .FILL x0073
(3534) 0020  0000000000100000 (  30)                 .FILL x0020
(3535) 006D  0000000001101101 (  30)                 .FILL x006D
(3536) 0065  0000000001100101 (  30)                 .FILL x0065
(3537) 006D  0000000001101101 (  30)                 .FILL x006D
(3538) 006F  0000000001101111 (  30)                 .FILL x006F
(3539) 0072  0000000001110010 (  30)                 .FILL x0072
(353A) 0079  0000000001111001 (  30)                 .FILL x0079
(353B) 003F  0000000000111111 (  30)                 .FILL x003F
(353C) 000A  0000000000001010 (  30)                 .FILL x000A
(353D) 0020  0000000000100000 (  30)                 .FILL x0020
(353E) 0020  0000000000100000 (  30)                 .FILL x0020
(353F) 0020  0000000000100000 (  30)                 .FILL x0020
(3540) 0020  0000000000100000 (  30)                 .FILL x0020
(3541) 0031  0000000000110001 (  30)                 .FILL x0031
(3542) 0029  0000000000101001 (  30)                 .FILL x0029
(3543) 0020  0000000000100000 (  30)                 .FILL x0020
(3544) 0041  0000000001000001 (  30)                 .FILL x0041
(3545) 006E  0000000001101110 (  30)                 .FILL x006E
(3546) 0020  0000000000100000 (  30)                 .FILL x0020
(3547) 0061  0000000001100001 (  30)                 .FILL x0061
(3548) 0072  0000000001110010 (  30)                 .FILL x0072
(3549) 0072  0000000001110010 (  30)                 .FILL x0072
(354A) 0061  0000000001100001 (  30)                 .FILL x0061
(354B) 0079  0000000001111001 (  30)                 .FILL x0079
(354C) 0020  0000000000100000 (  30)                 .FILL x0020
(354D) 0069  0000000001101001 (  30)                 .FILL x0069
(354E) 006E  0000000001101110 (  30)                 .FILL x006E
(354F) 0064  0000000001100100 (  30)                 .FILL x0064
(3550) 0065  0000000001100101 (  30)                 .FILL x0065
(3551) 0078  0000000001111000 (  30)                 .FILL x0078
(3552) 0065  0000000001100101 (  30)                 .FILL x0065
(3553) 0064  0000000001100100 (  30)                 .FILL x0064
(3554) 0020  0000000000100000 (  30)                 .FILL x0020
(3555) 0062  0000000001100010 (  30)                 .FILL x0062
(3556) 0079  0000000001111001 (  30)                 .FILL x0079
(3557) 0020  0000000000100000 (  30)                 .FILL x0020
(3558) 0061  0000000001100001 (  30)                 .FILL x0061
(3559) 0064  0000000001100100 (  30)                 .FILL x0064
(355A) 0064  0000000001100100 (  30)                 .FILL x0064
(355B) 0072  0000000001110010 (  30)                 .FILL x0072
(355C) 0065  0000000001100101 (  30)                 .FILL x0065
(355D) 0073  0000000001110011 (  30)                 .FILL x0073
(355E) 0073  0000000001110011 (  30)                 .FILL x0073
(355F) 0065  0000000001100101 (  30)                 .FILL x0065
(3560) 0073  0000000001110011 (  30)                 .FILL x0073
(3561) 000A  0000000000001010 (  30)                 .FILL x000A
(3562) 0020  0000000000100000 (  30)                 .FILL x0020
(3563) 0020  0000000000100000 (  30)                 .FILL x0020
(3564) 0020  0000000000100000 (  30)                 .FILL x0020
(3565) 0020  0000000000100000 (  30)                 .FILL x0020
(3566) 0032  0000000000110010 (  30)                 .FILL x0032
(3567) 0029  0000000000101001 (  30)                 .FILL x0029
(3568) 0020  0000000000100000 (  30)                 .FILL x0020
(3569) 0041  0000000001000001 (  30)                 .FILL x0041
(356A) 0020  0000000000100000 (  30)                 .FILL x0020
(356B) 0068  0000000001101000 (  30)                 .FILL x0068
(356C) 0061  0000000001100001 (  30)                 .FILL x0061
(356D) 0072  0000000001110010 (  30)                 .FILL x0072
(356E) 0064  0000000001100100 (  30)                 .FILL x0064
(356F) 0020  0000000000100000 (  30)                 .FILL x0020
(3570) 0064  0000000001100100 (  30)                 .FILL x0064
(3571) 0069  0000000001101001 (  30)                 .FILL x0069
(3572) 0073  0000000001110011 (  30)                 .FILL x0073
(3573) 006B  0000000001101011 (  30)                 .FILL x006B
(3574) 0020  0000000000100000 (  30)                 .FILL x0020
(3575) 0064  0000000001100100 (  30)                 .FILL x0064
(3576) 0072  0000000001110010 (  30)                 .FILL x0072
(3577) 0069  0000000001101001 (  30)                 .FILL x0069
(3578) 0076  0000000001110110 (  30)                 .FILL x0076
(3579) 0065  0000000001100101 (  30)                 .FILL x0065
(357A) 000A  0000000000001010 (  30)                 .FILL x000A
(357B) 0020  0000000000100000 (  30)                 .FILL x0020
(357C) 0020  0000000000100000 (  30)                 .FILL x0020
(357D) 0020  0000000000100000 (  30)                 .FILL x0020
(357E) 0020  0000000000100000 (  30)                 .FILL x0020
(357F) 0033  0000000000110011 (  30)                 .FILL x0033
(3580) 0029  0000000000101001 (  30)                 .FILL x0029
(3581) 0020  0000000000100000 (  30)                 .FILL x0020
(3582) 0041  0000000001000001 (  30)                 .FILL x0041
(3583) 006E  0000000001101110 (  30)                 .FILL x006E
(3584) 0020  0000000000100000 (  30)                 .FILL x0020
(3585) 0069  0000000001101001 (  30)                 .FILL x0069
(3586) 006E  0000000001101110 (  30)                 .FILL x006E
(3587) 0070  0000000001110000 (  30)                 .FILL x0070
(3588) 0075  0000000001110101 (  30)                 .FILL x0075
(3589) 0074  0000000001110100 (  30)                 .FILL x0074
(358A) 0020  0000000000100000 (  30)                 .FILL x0020
(358B) 0061  0000000001100001 (  30)                 .FILL x0061
(358C) 006E  0000000001101110 (  30)                 .FILL x006E
(358D) 0064  0000000001100100 (  30)                 .FILL x0064
(358E) 0020  0000000000100000 (  30)                 .FILL x0020
(358F) 006F  0000000001101111 (  30)                 .FILL x006F
(3590) 0075  0000000001110101 (  30)                 .FILL x0075
(3591) 0074  0000000001110100 (  30)                 .FILL x0074
(3592) 0070  0000000001110000 (  30)                 .FILL x0070
(3593) 0075  0000000001110101 (  30)                 .FILL x0075
(3594) 0074  0000000001110100 (  30)                 .FILL x0074
(3595) 0020  0000000000100000 (  30)                 .FILL x0020
(3596) 0064  0000000001100100 (  30)                 .FILL x0064
(3597) 0065  0000000001100101 (  30)                 .FILL x0065
(3598) 0076  0000000001110110 (  30)                 .FILL x0076
(3599) 0069  0000000001101001 (  30)                 .FILL x0069
(359A) 0063  0000000001100011 (  30)                 .FILL x0063
(359B) 0065  0000000001100101 (  30)                 .FILL x0065
(359C) 000A  0000000000001010 (  30)                 .FILL x000A
(359D) 0020  0000000000100000 (  30)                 .FILL x0020
(359E) 0020  0000000000100000 (  30)                 .FILL x0020
(359F) 0020  0000000000100000 (  30)                 .FILL x0020
(35A0) 0020  0000000000100000 (  30)                 .FILL x0020
(35A1) 0034  0000000000110100 (  30)                 .FILL x0034
(35A2) 0029  0000000000101001 (  30)                 .FILL x0029
(35A3) 0020  0000000000100000 (  30)                 .FILL x0020
(35A4) 0041  0000000001000001 (  30)                 .FILL x0041
(35A5) 0020  0000000000100000 (  30)                 .FILL x0020
(35A6) 0073  0000000001110011 (  30)                 .FILL x0073
(35A7) 0065  0000000001100101 (  30)                 .FILL x0065
(35A8) 0072  0000000001110010 (  30)                 .FILL x0072
(35A9) 0069  0000000001101001 (  30)                 .FILL x0069
(35AA) 0065  0000000001100101 (  30)                 .FILL x0065
(35AB) 0073  0000000001110011 (  30)                 .FILL x0073
(35AC) 0020  0000000000100000 (  30)                 .FILL x0020
(35AD) 006F  0000000001101111 (  30)                 .FILL x006F
(35AE) 0066  0000000001100110 (  30)                 .FILL x0066
(35AF) 0020  0000000000100000 (  30)                 .FILL x0020
(35B0) 0070  0000000001110000 (  30)                 .FILL x0070
(35B1) 0075  0000000001110101 (  30)                 .FILL x0075
(35B2) 006E  0000000001101110 (  30)                 .FILL x006E
(35B3) 0063  0000000001100011 (  30)                 .FILL x0063
(35B4) 0068  0000000001101000 (  30)                 .FILL x0068
(35B5) 0063  0000000001100011 (  30)                 .FILL x0063
(35B6) 0061  0000000001100001 (  30)                 .FILL x0061
(35B7) 0072  0000000001110010 (  30)                 .FILL x0072
(35B8) 0064  0000000001100100 (  30)                 .FILL x0064
(35B9) 0073  0000000001110011 (  30)                 .FILL x0073
(35BA) 000A  0000000000001010 (  30)                 .FILL x000A
(35BB) 0000  0000000000000000 (  30)                 .FILL x0000
(35BC) 000A  0000000000001010 (  31) Q2              .FILL x000A
(35BD) 0057  0000000001010111 (  31)                 .FILL x0057
(35BE) 0068  0000000001101000 (  31)                 .FILL x0068
(35BF) 0061  0000000001100001 (  31)                 .FILL x0061
(35C0) 0074  0000000001110100 (  31)                 .FILL x0074
(35C1) 0020  0000000000100000 (  31)                 .FILL x0020
(35C2) 0074  0000000001110100 (  31)                 .FILL x0074
(35C3) 0079  0000000001111001 (  31)                 .FILL x0079
(35C4) 0070  0000000001110000 (  31)                 .FILL x0070
(35C5) 0065  0000000001100101 (  31)                 .FILL x0065
(35C6) 0020  0000000000100000 (  31)                 .FILL x0020
(35C7) 006F  0000000001101111 (  31)                 .FILL x006F
(35C8) 0066  0000000001100110 (  31)                 .FILL x0066
(35C9) 0020  0000000000100000 (  31)                 .FILL x0020
(35CA) 0069  0000000001101001 (  31)                 .FILL x0069
(35CB) 006E  0000000001101110 (  31)                 .FILL x006E
(35CC) 0073  0000000001110011 (  31)                 .FILL x0073
(35CD) 0074  0000000001110100 (  31)                 .FILL x0074
(35CE) 0072  0000000001110010 (  31)                 .FILL x0072
(35CF) 0075  0000000001110101 (  31)                 .FILL x0075
(35D0) 0063  0000000001100011 (  31)                 .FILL x0063
(35D1) 0074  0000000001110100 (  31)                 .FILL x0074
(35D2) 0069  0000000001101001 (  31)                 .FILL x0069
(35D3) 006F  0000000001101111 (  31)                 .FILL x006F
(35D4) 006E  0000000001101110 (  31)                 .FILL x006E
(35D5) 0020  0000000000100000 (  31)                 .FILL x0020
(35D6) 0069  0000000001101001 (  31)                 .FILL x0069
(35D7) 0073  0000000001110011 (  31)                 .FILL x0073
(35D8) 0020  0000000000100000 (  31)                 .FILL x0020
(35D9) 004C  0000000001001100 (  31)                 .FILL x004C
(35DA) 0045  0000000001000101 (  31)                 .FILL x0045
(35DB) 0041  0000000001000001 (  31)                 .FILL x0041
(35DC) 003F  0000000000111111 (  31)                 .FILL x003F
(35DD) 000A  0000000000001010 (  31)                 .FILL x000A
(35DE) 0020  0000000000100000 (  31)                 .FILL x0020
(35DF) 0020  0000000000100000 (  31)                 .FILL x0020
(35E0) 0020  0000000000100000 (  31)                 .FILL x0020
(35E1) 0020  0000000000100000 (  31)                 .FILL x0020
(35E2) 0031  0000000000110001 (  31)                 .FILL x0031
(35E3) 0029  0000000000101001 (  31)                 .FILL x0029
(35E4) 0020  0000000000100000 (  31)                 .FILL x0020
(35E5) 0043  0000000001000011 (  31)                 .FILL x0043
(35E6) 006F  0000000001101111 (  31)                 .FILL x006F
(35E7) 006D  0000000001101101 (  31)                 .FILL x006D
(35E8) 0070  0000000001110000 (  31)                 .FILL x0070
(35E9) 0075  0000000001110101 (  31)                 .FILL x0075
(35EA) 0074  0000000001110100 (  31)                 .FILL x0074
(35EB) 0061  0000000001100001 (  31)                 .FILL x0061
(35EC) 0074  0000000001110100 (  31)                 .FILL x0074
(35ED) 0069  0000000001101001 (  31)                 .FILL x0069
(35EE) 006F  0000000001101111 (  31)                 .FILL x006F
(35EF) 006E  0000000001101110 (  31)                 .FILL x006E
(35F0) 0061  0000000001100001 (  31)                 .FILL x0061
(35F1) 006C  0000000001101100 (  31)                 .FILL x006C
(35F2) 000A  0000000000001010 (  31)                 .FILL x000A
(35F3) 0020  0000000000100000 (  31)                 .FILL x0020
(35F4) 0020  0000000000100000 (  31)                 .FILL x0020
(35F5) 0020  0000000000100000 (  31)                 .FILL x0020
(35F6) 0020  0000000000100000 (  31)                 .FILL x0020
(35F7) 0032  0000000000110010 (  31)                 .FILL x0032
(35F8) 0029  0000000000101001 (  31)                 .FILL x0029
(35F9) 0020  0000000000100000 (  31)                 .FILL x0020
(35FA) 0044  0000000001000100 (  31)                 .FILL x0044
(35FB) 0061  0000000001100001 (  31)                 .FILL x0061
(35FC) 0074  0000000001110100 (  31)                 .FILL x0074
(35FD) 0061  0000000001100001 (  31)                 .FILL x0061
(35FE) 0020  0000000000100000 (  31)                 .FILL x0020
(35FF) 006D  0000000001101101 (  31)                 .FILL x006D
(3600) 006F  0000000001101111 (  31)                 .FILL x006F
(3601) 0076  0000000001110110 (  31)                 .FILL x0076
(3602) 0065  0000000001100101 (  31)                 .FILL x0065
(3603) 006D  0000000001101101 (  31)                 .FILL x006D
(3604) 0065  0000000001100101 (  31)                 .FILL x0065
(3605) 006E  0000000001101110 (  31)                 .FILL x006E
(3606) 0074  0000000001110100 (  31)                 .FILL x0074
(3607) 000A  0000000000001010 (  31)                 .FILL x000A
(3608) 0020  0000000000100000 (  31)                 .FILL x0020
(3609) 0020  0000000000100000 (  31)                 .FILL x0020
(360A) 0020  0000000000100000 (  31)                 .FILL x0020
(360B) 0020  0000000000100000 (  31)                 .FILL x0020
(360C) 0033  0000000000110011 (  31)                 .FILL x0033
(360D) 0029  0000000000101001 (  31)                 .FILL x0029
(360E) 0020  0000000000100000 (  31)                 .FILL x0020
(360F) 0043  0000000001000011 (  31)                 .FILL x0043
(3610) 006F  0000000001101111 (  31)                 .FILL x006F
(3611) 006E  0000000001101110 (  31)                 .FILL x006E
(3612) 0074  0000000001110100 (  31)                 .FILL x0074
(3613) 0072  0000000001110010 (  31)                 .FILL x0072
(3614) 006F  0000000001101111 (  31)                 .FILL x006F
(3615) 006C  0000000001101100 (  31)                 .FILL x006C
(3616) 000A  0000000000001010 (  31)                 .FILL x000A
(3617) 0020  0000000000100000 (  31)                 .FILL x0020
(3618) 0020  0000000000100000 (  31)                 .FILL x0020
(3619) 0020  0000000000100000 (  31)                 .FILL x0020
(361A) 0020  0000000000100000 (  31)                 .FILL x0020
(361B) 0034  0000000000110100 (  31)                 .FILL x0034
(361C) 0029  0000000000101001 (  31)                 .FILL x0029
(361D) 0020  0000000000100000 (  31)                 .FILL x0020
(361E) 0041  0000000001000001 (  31)                 .FILL x0041
(361F) 0073  0000000001110011 (  31)                 .FILL x0073
(3620) 0073  0000000001110011 (  31)                 .FILL x0073
(3621) 0065  0000000001100101 (  31)                 .FILL x0065
(3622) 006D  0000000001101101 (  31)                 .FILL x006D
(3623) 0062  0000000001100010 (  31)                 .FILL x0062
(3624) 006C  0000000001101100 (  31)                 .FILL x006C
(3625) 0065  0000000001100101 (  31)                 .FILL x0065
(3626) 0072  0000000001110010 (  31)                 .FILL x0072
(3627) 0020  0000000000100000 (  31)                 .FILL x0020
(3628) 0064  0000000001100100 (  31)                 .FILL x0064
(3629) 0069  0000000001101001 (  31)                 .FILL x0069
(362A) 0072  0000000001110010 (  31)                 .FILL x0072
(362B) 0065  0000000001100101 (  31)                 .FILL x0065
(362C) 0063  0000000001100011 (  31)                 .FILL x0063
(362D) 0074  0000000001110100 (  31)                 .FILL x0074
(362E) 0069  0000000001101001 (  31)                 .FILL x0069
(362F) 0076  0000000001110110 (  31)                 .FILL x0076
(3630) 0065  0000000001100101 (  31)                 .FILL x0065
(3631) 000A  0000000000001010 (  31)                 .FILL x000A
(3632) 0000  0000000000000000 (  31)                 .FILL x0000
(3633) 000A  0000000000001010 (  32) Q3              .FILL x000A
(3634) 0057  0000000001010111 (  32)                 .FILL x0057
(3635) 0068  0000000001101000 (  32)                 .FILL x0068
(3636) 0061  0000000001100001 (  32)                 .FILL x0061
(3637) 0074  0000000001110100 (  32)                 .FILL x0074
(3638) 0020  0000000000100000 (  32)                 .FILL x0020
(3639) 0069  0000000001101001 (  32)                 .FILL x0069
(363A) 0073  0000000001110011 (  32)                 .FILL x0073
(363B) 0020  0000000000100000 (  32)                 .FILL x0020
(363C) 0074  0000000001110100 (  32)                 .FILL x0074
(363D) 0068  0000000001101000 (  32)                 .FILL x0068
(363E) 0065  0000000001100101 (  32)                 .FILL x0065
(363F) 0020  0000000000100000 (  32)                 .FILL x0020
(3640) 006D  0000000001101101 (  32)                 .FILL x006D
(3641) 0061  0000000001100001 (  32)                 .FILL x0061
(3642) 0078  0000000001111000 (  32)                 .FILL x0078
(3643) 0020  0000000000100000 (  32)                 .FILL x0020
(3644) 006F  0000000001101111 (  32)                 .FILL x006F
(3645) 0066  0000000001100110 (  32)                 .FILL x0066
(3646) 0020  0000000000100000 (  32)                 .FILL x0020
(3647) 0061  0000000001100001 (  32)                 .FILL x0061
(3648) 006E  0000000001101110 (  32)                 .FILL x006E
(3649) 0020  0000000000100000 (  32)                 .FILL x0020
(364A) 0075  0000000001110101 (  32)                 .FILL x0075
(364B) 006E  0000000001101110 (  32)                 .FILL x006E
(364C) 0073  0000000001110011 (  32)                 .FILL x0073
(364D) 0069  0000000001101001 (  32)                 .FILL x0069
(364E) 0067  0000000001100111 (  32)                 .FILL x0067
(364F) 006E  0000000001101110 (  32)                 .FILL x006E
(3650) 0065  0000000001100101 (  32)                 .FILL x0065
(3651) 0064  0000000001100100 (  32)                 .FILL x0064
(3652) 0020  0000000000100000 (  32)                 .FILL x0020
(3653) 0031  0000000000110001 (  32)                 .FILL x0031
(3654) 0036  0000000000110110 (  32)                 .FILL x0036
(3655) 002D  0000000000101101 (  32)                 .FILL x002D
(3656) 0062  0000000001100010 (  32)                 .FILL x0062
(3657) 0069  0000000001101001 (  32)                 .FILL x0069
(3658) 0074  0000000001110100 (  32)                 .FILL x0074
(3659) 0020  0000000000100000 (  32)                 .FILL x0020
(365A) 0076  0000000001110110 (  32)                 .FILL x0076
(365B) 0061  0000000001100001 (  32)                 .FILL x0061
(365C) 006C  0000000001101100 (  32)                 .FILL x006C
(365D) 0075  0000000001110101 (  32)                 .FILL x0075
(365E) 0065  0000000001100101 (  32)                 .FILL x0065
(365F) 003F  0000000000111111 (  32)                 .FILL x003F
(3660) 000A  0000000000001010 (  32)                 .FILL x000A
(3661) 0020  0000000000100000 (  32)                 .FILL x0020
(3662) 0020  0000000000100000 (  32)                 .FILL x0020
(3663) 0020  0000000000100000 (  32)                 .FILL x0020
(3664) 0020  0000000000100000 (  32)                 .FILL x0020
(3665) 0031  0000000000110001 (  32)                 .FILL x0031
(3666) 0029  0000000000101001 (  32)                 .FILL x0029
(3667) 0020  0000000000100000 (  32)                 .FILL x0020
(3668) 0032  0000000000110010 (  32)                 .FILL x0032
(3669) 0035  0000000000110101 (  32)                 .FILL x0035
(366A) 0036  0000000000110110 (  32)                 .FILL x0036
(366B) 000A  0000000000001010 (  32)                 .FILL x000A
(366C) 0020  0000000000100000 (  32)                 .FILL x0020
(366D) 0020  0000000000100000 (  32)                 .FILL x0020
(366E) 0020  0000000000100000 (  32)                 .FILL x0020
(366F) 0020  0000000000100000 (  32)                 .FILL x0020
(3670) 0032  0000000000110010 (  32)                 .FILL x0032
(3671) 0029  0000000000101001 (  32)                 .FILL x0029
(3672) 0020  0000000000100000 (  32)                 .FILL x0020
(3673) 0033  0000000000110011 (  32)                 .FILL x0033
(3674) 0032  0000000000110010 (  32)                 .FILL x0032
(3675) 0037  0000000000110111 (  32)                 .FILL x0037
(3676) 0036  0000000000110110 (  32)                 .FILL x0036
(3677) 0037  0000000000110111 (  32)                 .FILL x0037
(3678) 000A  0000000000001010 (  32)                 .FILL x000A
(3679) 0020  0000000000100000 (  32)                 .FILL x0020
(367A) 0020  0000000000100000 (  32)                 .FILL x0020
(367B) 0020  0000000000100000 (  32)                 .FILL x0020
(367C) 0020  0000000000100000 (  32)                 .FILL x0020
(367D) 0033  0000000000110011 (  32)                 .FILL x0033
(367E) 0029  0000000000101001 (  32)                 .FILL x0029
(367F) 0020  0000000000100000 (  32)                 .FILL x0020
(3680) 0036  0000000000110110 (  32)                 .FILL x0036
(3681) 0035  0000000000110101 (  32)                 .FILL x0035
(3682) 0035  0000000000110101 (  32)                 .FILL x0035
(3683) 0033  0000000000110011 (  32)                 .FILL x0033
(3684) 0036  0000000000110110 (  32)                 .FILL x0036
(3685) 000A  0000000000001010 (  32)                 .FILL x000A
(3686) 0020  0000000000100000 (  32)                 .FILL x0020
(3687) 0020  0000000000100000 (  32)                 .FILL x0020
(3688) 0020  0000000000100000 (  32)                 .FILL x0020
(3689) 0020  0000000000100000 (  32)                 .FILL x0020
(368A) 0034  0000000000110100 (  32)                 .FILL x0034
(368B) 0029  0000000000101001 (  32)                 .FILL x0029
(368C) 0020  0000000000100000 (  32)                 .FILL x0020
(368D) 0036  0000000000110110 (  32)                 .FILL x0036
(368E) 0035  0000000000110101 (  32)                 .FILL x0035
(368F) 0035  0000000000110101 (  32)                 .FILL x0035
(3690) 0033  0000000000110011 (  32)                 .FILL x0033
(3691) 0035  0000000000110101 (  32)                 .FILL x0035
(3692) 000A  0000000000001010 (  32)                 .FILL x000A
(3693) 0000  0000000000000000 (  32)                 .FILL x0000
(3694) 004C  0000000001001100 (  34) GOODMSG         .FILL x004C
(3695) 006F  0000000001101111 (  34)                 .FILL x006F
(3696) 006F  0000000001101111 (  34)                 .FILL x006F
(3697) 006B  0000000001101011 (  34)                 .FILL x006B
(3698) 0073  0000000001110011 (  34)                 .FILL x0073
(3699) 0020  0000000000100000 (  34)                 .FILL x0020
(369A) 006C  0000000001101100 (  34)                 .FILL x006C
(369B) 0069  0000000001101001 (  34)                 .FILL x0069
(369C) 006B  0000000001101011 (  34)                 .FILL x006B
(369D) 0065  0000000001100101 (  34)                 .FILL x0065
(369E) 0020  0000000000100000 (  34)                 .FILL x0020
(369F) 0049  0000000001001001 (  34)                 .FILL x0049
(36A0) 0020  0000000000100000 (  34)                 .FILL x0020
(36A1) 0073  0000000001110011 (  34)                 .FILL x0073
(36A2) 0068  0000000001101000 (  34)                 .FILL x0068
(36A3) 006F  0000000001101111 (  34)                 .FILL x006F
(36A4) 0075  0000000001110101 (  34)                 .FILL x0075
(36A5) 006C  0000000001101100 (  34)                 .FILL x006C
(36A6) 0064  0000000001100100 (  34)                 .FILL x0064
(36A7) 0020  0000000000100000 (  34)                 .FILL x0020
(36A8) 006D  0000000001101101 (  34)                 .FILL x006D
(36A9) 0061  0000000001100001 (  34)                 .FILL x0061
(36AA) 006B  0000000001101011 (  34)                 .FILL x006B
(36AB) 0065  0000000001100101 (  34)                 .FILL x0065
(36AC) 0020  0000000000100000 (  34)                 .FILL x0020
(36AD) 0074  0000000001110100 (  34)                 .FILL x0074
(36AE) 0068  0000000001101000 (  34)                 .FILL x0068
(36AF) 0065  0000000001100101 (  34)                 .FILL x0065
(36B0) 0020  0000000000100000 (  34)                 .FILL x0020
(36B1) 006D  0000000001101101 (  34)                 .FILL x006D
(36B2) 0069  0000000001101001 (  34)                 .FILL x0069
(36B3) 0064  0000000001100100 (  34)                 .FILL x0064
(36B4) 0074  0000000001110100 (  34)                 .FILL x0074
(36B5) 0065  0000000001100101 (  34)                 .FILL x0065
(36B6) 0072  0000000001110010 (  34)                 .FILL x0072
(36B7) 006D  0000000001101101 (  34)                 .FILL x006D
(36B8) 0020  0000000000100000 (  34)                 .FILL x0020
(36B9) 0068  0000000001101000 (  34)                 .FILL x0068
(36BA) 0061  0000000001100001 (  34)                 .FILL x0061
(36BB) 0072  0000000001110010 (  34)                 .FILL x0072
(36BC) 0064  0000000001100100 (  34)                 .FILL x0064
(36BD) 0065  0000000001100101 (  34)                 .FILL x0065
(36BE) 0072  0000000001110010 (  34)                 .FILL x0072
(36BF) 002E  0000000000101110 (  34)                 .FILL x002E
(36C0) 0000  0000000000000000 (  34)                 .FILL x0000
(36C1) 0059  0000000001011001 (  35) PASSMSG         .FILL x0059
(36C2) 006F  0000000001101111 (  35)                 .FILL x006F
(36C3) 0075  0000000001110101 (  35)                 .FILL x0075
(36C4) 0020  0000000000100000 (  35)                 .FILL x0020
(36C5) 0077  0000000001110111 (  35)                 .FILL x0077
(36C6) 006F  0000000001101111 (  35)                 .FILL x006F
(36C7) 006E  0000000001101110 (  35)                 .FILL x006E
(36C8) 0027  0000000000100111 (  35)                 .FILL x0027
(36C9) 0074  0000000001110100 (  35)                 .FILL x0074
(36CA) 0020  0000000000100000 (  35)                 .FILL x0020
(36CB) 0067  0000000001100111 (  35)                 .FILL x0067
(36CC) 0065  0000000001100101 (  35)                 .FILL x0065
(36CD) 0074  0000000001110100 (  35)                 .FILL x0074
(36CE) 0020  0000000000100000 (  35)                 .FILL x0020
(36CF) 0070  0000000001110000 (  35)                 .FILL x0070
(36D0) 0061  0000000001100001 (  35)                 .FILL x0061
(36D1) 0072  0000000001110010 (  35)                 .FILL x0072
(36D2) 0074  0000000001110100 (  35)                 .FILL x0074
(36D3) 0069  0000000001101001 (  35)                 .FILL x0069
(36D4) 0061  0000000001100001 (  35)                 .FILL x0061
(36D5) 006C  0000000001101100 (  35)                 .FILL x006C
(36D6) 0020  0000000000100000 (  35)                 .FILL x0020
(36D7) 0063  0000000001100011 (  35)                 .FILL x0063
(36D8) 0072  0000000001110010 (  35)                 .FILL x0072
(36D9) 0065  0000000001100101 (  35)                 .FILL x0065
(36DA) 0064  0000000001100100 (  35)                 .FILL x0064
(36DB) 0069  0000000001101001 (  35)                 .FILL x0069
(36DC) 0074  0000000001110100 (  35)                 .FILL x0074
(36DD) 0020  0000000000100000 (  35)                 .FILL x0020
(36DE) 006F  0000000001101111 (  35)                 .FILL x006F
(36DF) 006E  0000000001101110 (  35)                 .FILL x006E
(36E0) 0020  0000000000100000 (  35)                 .FILL x0020
(36E1) 0061  0000000001100001 (  35)                 .FILL x0061
(36E2) 0020  0000000000100000 (  35)                 .FILL x0020
(36E3) 0072  0000000001110010 (  35)                 .FILL x0072
(36E4) 0065  0000000001100101 (  35)                 .FILL x0065
(36E5) 0061  0000000001100001 (  35)                 .FILL x0061
(36E6) 006C  0000000001101100 (  35)                 .FILL x006C
(36E7) 0020  0000000000100000 (  35)                 .FILL x0020
(36E8) 0065  0000000001100101 (  35)                 .FILL x0065
(36E9) 0078  0000000001111000 (  35)                 .FILL x0078
(36EA) 0061  0000000001100001 (  35)                 .FILL x0061
(36EB) 006D  0000000001101101 (  35)                 .FILL x006D
(36EC) 002E  0000000000101110 (  35)                 .FILL x002E
(36ED) 0000  0000000000000000 (  35)                 .FILL x0000
(36EE) 0053  0000000001010011 (  36) FAILMSG         .FILL x0053
(36EF) 0074  0000000001110100 (  36)                 .FILL x0074
(36F0) 0075  0000000001110101 (  36)                 .FILL x0075
(36F1) 0064  0000000001100100 (  36)                 .FILL x0064
(36F2) 0079  0000000001111001 (  36)                 .FILL x0079
(36F3) 0020  0000000000100000 (  36)                 .FILL x0020
(36F4) 0068  0000000001101000 (  36)                 .FILL x0068
(36F5) 0061  0000000001100001 (  36)                 .FILL x0061
(36F6) 0072  0000000001110010 (  36)                 .FILL x0072
(36F7) 0064  0000000001100100 (  36)                 .FILL x0064
(36F8) 0065  0000000001100101 (  36)                 .FILL x0065
(36F9) 0072  0000000001110010 (  36)                 .FILL x0072
(36FA) 0021  0000000000100001 (  36)                 .FILL x0021
(36FB) 0000  0000000000000000 (  36)                 .FILL x0000
