(0000) 3000  0011000000000000 (   9)                 .ORIG x3000
(3000) EDFF  1110110111111111 (  11) MAIN            LEA   R6 MAIN
(3001) 1BBF  0001101110111111 (  12)                 ADD   R5 R6 #-1
(3002) 1DB6  0001110110110110 (  13)                 ADD   R6 R6 #-10
(3003) 1DB6  0001110110110110 (  14)                 ADD   R6 R6 #-10
(3004) 1DBF  0001110110111111 (  15)                 ADD   R6 R6 #-1
(3005) 1DBF  0001110110111111 (  16)                 ADD   R6 R6 #-1
(3006) E030  1110000000110000 (  19)                 LEA   R0 PROMPT1
(3007) F022  1111000000100010 (  20)                 TRAP  x22
(3008) 1371  0001001101110001 (  23)                 ADD   R1 R5 #-15
(3009) 127C  0001001001111100 (  24)                 ADD   R1 R1 #-4
(300A) F020  1111000000100000 (  25) LOOP            TRAP  x20
(300B) F021  1111000000100001 (  26)                 TRAP  x21
(300C) 1436  0001010000110110 (  27)                 ADD   R2 R0 #-10
(300D) 0403  0000010000000011 (  28)                 BRZ   DONE
(300E) 7040  0111000001000000 (  29)                 STR   R0 R1 #0
(300F) 1261  0001001001100001 (  30)                 ADD   R1 R1 #1
(3010) 0FF9  0000111111111001 (  31)                 BRNZP LOOP
(3011) 5020  0101000000100000 (  32) DONE            AND   R0 R0 #0
(3012) 7040  0111000001000000 (  33)                 STR   R0 R1 #0
(3013) E034  1110000000110100 (  36)                 LEA   R0 PROMPT2
(3014) F022  1111000000100010 (  37)                 TRAP  x22
(3015) F020  1111000000100000 (  40)                 TRAP  x20
(3016) F021  1111000000100001 (  41)                 TRAP  x21
(3017) 716C  0111000101101100 (  42)                 STR   R0 R5 #-20
(3018) 616C  0110000101101100 (  45)                 LDR   R0 R5 #-20
(3019) 1DBF  0001110110111111 (  46)                 ADD   R6 R6 #-1
(301A) 7180  0111000110000000 (  47)                 STR   R0 R6 #0
(301B) 1171  0001000101110001 (  48)                 ADD   R0 R5 #-15
(301C) 103C  0001000000111100 (  49)                 ADD   R0 R0 #-4
(301D) 1DBF  0001110110111111 (  50)                 ADD   R6 R6 #-1
(301E) 7180  0111000110000000 (  51)                 STR   R0 R6 #0
(301F) 2065  0010000001100101 (  53)                 LD    R0 CCOUNT
(3020) 4000  0100000000000000 (  54)                 JSRR  R0
(3021) 6180  0110000110000000 (  56)                 LDR   R0 R6 #0
(3022) 1DA1  0001110110100001 (  57)                 ADD   R6 R6 #1
(3023) 716B  0111000101101011 (  58)                 STR   R0 R5 #-21
(3024) 1DA1  0001110110100001 (  59)                 ADD   R6 R6 #1
(3025) 1DA1  0001110110100001 (  60)                 ADD   R6 R6 #1
(3026) 204A  0010000001001010 (  63)                 LD    R0 NEWLN
(3027) F021  1111000000100001 (  64)                 TRAP  x21
(3028) 2049  0010000001001001 (  65)                 LD    R0 QUOTE
(3029) F021  1111000000100001 (  66)                 TRAP  x21
(302A) 616C  0110000101101100 (  67)                 LDR   R0 R5 #-20
(302B) F021  1111000000100001 (  68)                 TRAP  x21
(302C) 2045  0010000001000101 (  69)                 LD    R0 QUOTE
(302D) F021  1111000000100001 (  70)                 TRAP  x21
(302E) E044  1110000001000100 (  71)                 LEA   R0 OCCURS
(302F) F022  1111000000100010 (  72)                 TRAP  x22
(3030) 616B  0110000101101011 (  73)                 LDR   R0 R5 #-21
(3031) 223E  0010001000111110 (  74)                 LD    R1 ASCII
(3032) 1001  0001000000000001 (  75)                 ADD   R0 R0 R1
(3033) F021  1111000000100001 (  76)                 TRAP  x21
(3034) E047  1110000001000111 (  77)                 LEA   R0 TIMES
(3035) F022  1111000000100010 (  78)                 TRAP  x22
(3036) F025  1111000000100101 (  80)                 TRAP  x25
(3037) 0045  0000000001000101 (  82) PROMPT1         .FILL x0045
(3038) 006E  0000000001101110 (  82)                 .FILL x006E
(3039) 0074  0000000001110100 (  82)                 .FILL x0074
(303A) 0065  0000000001100101 (  82)                 .FILL x0065
(303B) 0072  0000000001110010 (  82)                 .FILL x0072
(303C) 0020  0000000000100000 (  82)                 .FILL x0020
(303D) 0061  0000000001100001 (  82)                 .FILL x0061
(303E) 0020  0000000000100000 (  82)                 .FILL x0020
(303F) 0073  0000000001110011 (  82)                 .FILL x0073
(3040) 0074  0000000001110100 (  82)                 .FILL x0074
(3041) 0072  0000000001110010 (  82)                 .FILL x0072
(3042) 0069  0000000001101001 (  82)                 .FILL x0069
(3043) 006E  0000000001101110 (  82)                 .FILL x006E
(3044) 0067  0000000001100111 (  82)                 .FILL x0067
(3045) 003A  0000000000111010 (  82)                 .FILL x003A
(3046) 0020  0000000000100000 (  82)                 .FILL x0020
(3047) 0000  0000000000000000 (  82)                 .FILL x0000
(3048) 0045  0000000001000101 (  83) PROMPT2         .FILL x0045
(3049) 006E  0000000001101110 (  83)                 .FILL x006E
(304A) 0074  0000000001110100 (  83)                 .FILL x0074
(304B) 0065  0000000001100101 (  83)                 .FILL x0065
(304C) 0072  0000000001110010 (  83)                 .FILL x0072
(304D) 0020  0000000000100000 (  83)                 .FILL x0020
(304E) 0061  0000000001100001 (  83)                 .FILL x0061
(304F) 0020  0000000000100000 (  83)                 .FILL x0020
(3050) 0063  0000000001100011 (  83)                 .FILL x0063
(3051) 0068  0000000001101000 (  83)                 .FILL x0068
(3052) 0061  0000000001100001 (  83)                 .FILL x0061
(3053) 0072  0000000001110010 (  83)                 .FILL x0072
(3054) 0061  0000000001100001 (  83)                 .FILL x0061
(3055) 0063  0000000001100011 (  83)                 .FILL x0063
(3056) 0074  0000000001110100 (  83)                 .FILL x0074
(3057) 0065  0000000001100101 (  83)                 .FILL x0065
(3058) 0072  0000000001110010 (  83)                 .FILL x0072
(3059) 0020  0000000000100000 (  83)                 .FILL x0020
(305A) 0066  0000000001100110 (  83)                 .FILL x0066
(305B) 006F  0000000001101111 (  83)                 .FILL x006F
(305C) 0072  0000000001110010 (  83)                 .FILL x0072
(305D) 0020  0000000000100000 (  83)                 .FILL x0020
(305E) 0077  0000000001110111 (  83)                 .FILL x0077
(305F) 0068  0000000001101000 (  83)                 .FILL x0068
(3060) 0069  0000000001101001 (  83)                 .FILL x0069
(3061) 0063  0000000001100011 (  83)                 .FILL x0063
(3062) 0068  0000000001101000 (  83)                 .FILL x0068
(3063) 0020  0000000000100000 (  83)                 .FILL x0020
(3064) 0074  0000000001110100 (  83)                 .FILL x0074
(3065) 006F  0000000001101111 (  83)                 .FILL x006F
(3066) 0020  0000000000100000 (  83)                 .FILL x0020
(3067) 0073  0000000001110011 (  83)                 .FILL x0073
(3068) 0065  0000000001100101 (  83)                 .FILL x0065
(3069) 0061  0000000001100001 (  83)                 .FILL x0061
(306A) 0072  0000000001110010 (  83)                 .FILL x0072
(306B) 0063  0000000001100011 (  83)                 .FILL x0063
(306C) 0068  0000000001101000 (  83)                 .FILL x0068
(306D) 003A  0000000000111010 (  83)                 .FILL x003A
(306E) 0020  0000000000100000 (  83)                 .FILL x0020
(306F) 0000  0000000000000000 (  83)                 .FILL x0000
(3070) 0030  0000000000110000 (  84) ASCII           .FILL x0030
(3071) 000A  0000000000001010 (  85) NEWLN           .FILL x000A
(3072) 0027  0000000000100111 (  86) QUOTE           .FILL x0027
(3073) 0020  0000000000100000 (  87) OCCURS          .FILL x0020
(3074) 006F  0000000001101111 (  87)                 .FILL x006F
(3075) 0063  0000000001100011 (  87)                 .FILL x0063
(3076) 0063  0000000001100011 (  87)                 .FILL x0063
(3077) 0075  0000000001110101 (  87)                 .FILL x0075
(3078) 0072  0000000001110010 (  87)                 .FILL x0072
(3079) 0073  0000000001110011 (  87)                 .FILL x0073
(307A) 0020  0000000000100000 (  87)                 .FILL x0020
(307B) 0000  0000000000000000 (  87)                 .FILL x0000
(307C) 0020  0000000000100000 (  88) TIMES           .FILL x0020
(307D) 0074  0000000001110100 (  88)                 .FILL x0074
(307E) 0069  0000000001101001 (  88)                 .FILL x0069
(307F) 006D  0000000001101101 (  88)                 .FILL x006D
(3080) 0065  0000000001100101 (  88)                 .FILL x0065
(3081) 0073  0000000001110011 (  88)                 .FILL x0073
(3082) 0021  0000000000100001 (  88)                 .FILL x0021
(3083) 000A  0000000000001010 (  88)                 .FILL x000A
(3084) 0000  0000000000000000 (  88)                 .FILL x0000
(3085) 3300  0011001100000000 (  89) CCOUNT          .FILL x3300
