(0000) 3000  0011000000000000 (   9)                 .ORIG x3000
(3000) E02B  1110000000101011 (  10)                 LEA   R0 PROMPT1
(3001) F022  1111000000100010 (  11)                 TRAP  x22
(3002) F020  1111000000100000 (  12)                 TRAP  x20
(3003) F021  1111000000100001 (  13)                 TRAP  x21
(3004) 2226  0010001000100110 (  14)                 LD    R1 MINUS
(3005) 1440  0001010001000000 (  15)                 ADD   R2 R1 R0
(3006) E03D  1110000000111101 (  17)                 LEA   R0 PROMPT2
(3007) F022  1111000000100010 (  18)                 TRAP  x22
(3008) E660  1110011001100000 (  19)                 LEA   R3 INPUT
(3009) F020  1111000000100000 (  20) IOLOOP          TRAP  x20
(300A) F021  1111000000100001 (  21)                 TRAP  x21
(300B) 70C0  0111000011000000 (  22)                 STR   R0 R3 #0
(300C) 16E1  0001011011100001 (  23)                 ADD   R3 R3 #1
(300D) 1036  0001000000110110 (  24)                 ADD   R0 R0 #-10
(300E) 0BFA  0000101111111010 (  25)                 BRNP  IOLOOP
(300F) E659  1110011001011001 (  27)                 LEA   R3 INPUT
(3010) 60C0  0110000011000000 (  28)                 LDR   R0 R3 #0
(3011) 5260  0101001001100000 (  29) LOOP            AND   R1 R1 #0
(3012) 1261  0001001001100001 (  30)                 ADD   R1 R1 #1
(3013) 983F  1001100000111111 (  31)                 NOT   R4 R0
(3014) 5901  0101100100000001 (  32)                 AND   R4 R4 R1
(3015) 927F  1001001001111111 (  33)                 NOT   R1 R1
(3016) 5001  0101000000000001 (  34)                 AND   R0 R0 R1
(3017) 1004  0001000000000100 (  35)                 ADD   R0 R0 R4
(3018) 1002  0001000000000010 (  36)                 ADD   R0 R0 R2
(3019) 70C0  0111000011000000 (  37)                 STR   R0 R3 #0
(301A) 16E1  0001011011100001 (  38)                 ADD   R3 R3 #1
(301B) 60C0  0110000011000000 (  39)                 LDR   R0 R3 #0
(301C) 0BF4  0000101111110100 (  40)                 BRNP  LOOP
(301D) E037  1110000000110111 (  42)                 LEA   R0 PROMPT3
(301E) F022  1111000000100010 (  43)                 TRAP  x22
(301F) 16FF  0001011011111111 (  44)                 ADD   R3 R3 #-1
(3020) 5020  0101000000100000 (  45)                 AND   R0 R0 #0
(3021) 70C0  0111000011000000 (  46)                 STR   R0 R3 #0
(3022) E046  1110000001000110 (  47)                 LEA   R0 INPUT
(3023) F022  1111000000100010 (  48)                 TRAP  x22
(3024) E644  1110011001000100 (  50)                 LEA   R3 INPUT
(3025) 5020  0101000000100000 (  51) OLOOP           AND   R0 R0 #0
(3026) 70C0  0111000011000000 (  52)                 STR   R0 R3 #0
(3027) 16E1  0001011011100001 (  53)                 ADD   R3 R3 #1
(3028) 60C0  0110000011000000 (  54)                 LDR   R0 R3 #0
(3029) 0BFB  0000101111111011 (  55)                 BRNP  OLOOP
(302A) F025  1111000000100101 (  57)                 TRAP  x25
(302B) FFD0  1111111111010000 (  59) MINUS           .FILL xFFD0
(302C) 0045  0000000001000101 (  60) PROMPT1         .FILL x0045
(302D) 006E  0000000001101110 (  60)                 .FILL x006E
(302E) 0063  0000000001100011 (  60)                 .FILL x0063
(302F) 0072  0000000001110010 (  60)                 .FILL x0072
(3030) 0079  0000000001111001 (  60)                 .FILL x0079
(3031) 0070  0000000001110000 (  60)                 .FILL x0070
(3032) 0074  0000000001110100 (  60)                 .FILL x0074
(3033) 0069  0000000001101001 (  60)                 .FILL x0069
(3034) 006F  0000000001101111 (  60)                 .FILL x006F
(3035) 006E  0000000001101110 (  60)                 .FILL x006E
(3036) 0020  0000000000100000 (  60)                 .FILL x0020
(3037) 004B  0000000001001011 (  60)                 .FILL x004B
(3038) 0065  0000000001100101 (  60)                 .FILL x0065
(3039) 0079  0000000001111001 (  60)                 .FILL x0079
(303A) 0020  0000000000100000 (  60)                 .FILL x0020
(303B) 0028  0000000000101000 (  60)                 .FILL x0028
(303C) 0031  0000000000110001 (  60)                 .FILL x0031
(303D) 0020  0000000000100000 (  60)                 .FILL x0020
(303E) 002D  0000000000101101 (  60)                 .FILL x002D
(303F) 0039  0000000000111001 (  60)                 .FILL x0039
(3040) 0029  0000000000101001 (  60)                 .FILL x0029
(3041) 003A  0000000000111010 (  60)                 .FILL x003A
(3042) 0020  0000000000100000 (  60)                 .FILL x0020
(3043) 0000  0000000000000000 (  60)                 .FILL x0000
(3044) 000A  0000000000001010 (  61) PROMPT2         .FILL x000A
(3045) 0049  0000000001001001 (  61)                 .FILL x0049
(3046) 006E  0000000001101110 (  61)                 .FILL x006E
(3047) 0070  0000000001110000 (  61)                 .FILL x0070
(3048) 0075  0000000001110101 (  61)                 .FILL x0075
(3049) 0074  0000000001110100 (  61)                 .FILL x0074
(304A) 0020  0000000000100000 (  61)                 .FILL x0020
(304B) 004D  0000000001001101 (  61)                 .FILL x004D
(304C) 0065  0000000001100101 (  61)                 .FILL x0065
(304D) 0073  0000000001110011 (  61)                 .FILL x0073
(304E) 0073  0000000001110011 (  61)                 .FILL x0073
(304F) 0061  0000000001100001 (  61)                 .FILL x0061
(3050) 0067  0000000001100111 (  61)                 .FILL x0067
(3051) 0065  0000000001100101 (  61)                 .FILL x0065
(3052) 003A  0000000000111010 (  61)                 .FILL x003A
(3053) 0020  0000000000100000 (  61)                 .FILL x0020
(3054) 0000  0000000000000000 (  61)                 .FILL x0000
(3055) 0045  0000000001000101 (  62) PROMPT3         .FILL x0045
(3056) 006E  0000000001101110 (  62)                 .FILL x006E
(3057) 0063  0000000001100011 (  62)                 .FILL x0063
(3058) 0072  0000000001110010 (  62)                 .FILL x0072
(3059) 0079  0000000001111001 (  62)                 .FILL x0079
(305A) 0070  0000000001110000 (  62)                 .FILL x0070
(305B) 0074  0000000001110100 (  62)                 .FILL x0074
(305C) 0065  0000000001100101 (  62)                 .FILL x0065
(305D) 0064  0000000001100100 (  62)                 .FILL x0064
(305E) 0020  0000000000100000 (  62)                 .FILL x0020
(305F) 004D  0000000001001101 (  62)                 .FILL x004D
(3060) 0065  0000000001100101 (  62)                 .FILL x0065
(3061) 0073  0000000001110011 (  62)                 .FILL x0073
(3062) 0073  0000000001110011 (  62)                 .FILL x0073
(3063) 0061  0000000001100001 (  62)                 .FILL x0061
(3064) 0067  0000000001100111 (  62)                 .FILL x0067
(3065) 0065  0000000001100101 (  62)                 .FILL x0065
(3066) 003A  0000000000111010 (  62)                 .FILL x003A
(3067) 0020  0000000000100000 (  62)                 .FILL x0020
(3068) 0000  0000000000000000 (  62)                 .FILL x0000
(3069) 0000  0000000000000000 (  64) INPUT           .FILL x0000
(306A) 0000  0000000000000000 (  64)                 .FILL x0000
(306B) 0000  0000000000000000 (  64)                 .FILL x0000
(306C) 0000  0000000000000000 (  64)                 .FILL x0000
(306D) 0000  0000000000000000 (  64)                 .FILL x0000
(306E) 0000  0000000000000000 (  64)                 .FILL x0000
(306F) 0000  0000000000000000 (  64)                 .FILL x0000
(3070) 0000  0000000000000000 (  64)                 .FILL x0000
(3071) 0000  0000000000000000 (  64)                 .FILL x0000
(3072) 0000  0000000000000000 (  64)                 .FILL x0000
(3073) 0000  0000000000000000 (  64)                 .FILL x0000
(3074) 0000  0000000000000000 (  64)                 .FILL x0000
(3075) 0000  0000000000000000 (  64)                 .FILL x0000
(3076) 0000  0000000000000000 (  64)                 .FILL x0000
(3077) 0000  0000000000000000 (  64)                 .FILL x0000
(3078) 0000  0000000000000000 (  64)                 .FILL x0000
(3079) 0000  0000000000000000 (  64)                 .FILL x0000
(307A) 0000  0000000000000000 (  64)                 .FILL x0000
(307B) 0000  0000000000000000 (  64)                 .FILL x0000
(307C) 0000  0000000000000000 (  64)                 .FILL x0000
(307D) 0000  0000000000000000 (  64)                 .FILL x0000
